TN:
SF:src\building-points.js
FN:9,isPointInsideBuilding
FN:79,getPointsInsideBuildings
FN:80,(anonymous_2)
FN:89,getBuildingsContainingPoint
FN:90,(anonymous_4)
FN:122,doesLineIntersectBuilding
FN:133,(anonymous_6)
FNF:7
FNH:0
FNDA:0,isPointInsideBuilding
FNDA:0,getPointsInsideBuildings
FNDA:0,(anonymous_2)
FNDA:0,getBuildingsContainingPoint
FNDA:0,(anonymous_4)
FNDA:0,doesLineIntersectBuilding
FNDA:0,(anonymous_6)
DA:11,0
DA:14,0
DA:16,0
DA:17,0
DA:18,0
DA:25,0
DA:26,0
DA:27,0
DA:30,0
DA:31,0
DA:37,0
DA:40,0
DA:41,0
DA:65,0
DA:66,0
DA:70,0
DA:80,0
DA:90,0
DA:91,0
DA:92,0
DA:93,0
DA:100,0
DA:101,0
DA:102,0
DA:105,0
DA:106,0
DA:109,0
DA:111,0
DA:123,0
DA:124,0
DA:125,0
DA:127,0
DA:130,0
DA:133,0
LF:34
LH:0
BRDA:37,0,0,0
BRDA:37,0,1,0
BRDA:40,1,0,0
BRDA:40,1,1,0
BRDA:40,2,0,0
BRDA:40,2,1,0
BRDA:40,2,2,0
BRDA:65,3,0,0
BRDA:65,3,1,0
BRDA:65,4,0,0
BRDA:65,4,1,0
BRDA:65,4,2,0
BRDA:109,5,0,0
BRDA:109,5,1,0
BRDA:111,6,0,0
BRDA:111,6,1,0
BRDA:111,6,2,0
BRF:17
BRH:0
end_of_record
TN:
SF:src\combat.js
FN:20,initCombat
FN:72,(anonymous_1)
FN:80,(anonymous_2)
FN:89,fireCheeseGun
FN:124,(anonymous_4)
FN:187,(anonymous_5)
FN:206,createRemoteProjectile
FN:236,(anonymous_7)
FN:244,updateHUD
FN:255,updateProjectiles
FN:261,(anonymous_10)
FN:286,(anonymous_11)
FN:310,(anonymous_12)
FN:377,(anonymous_13)
FN:389,createImpactEffect
FN:430,animateParticles
FN:461,setSocket
FNF:17
FNH:3
FNDA:3,initCombat
FNDA:0,(anonymous_1)
FNDA:0,(anonymous_2)
FNDA:1,fireCheeseGun
FNDA:0,(anonymous_4)
FNDA:0,(anonymous_5)
FNDA:0,createRemoteProjectile
FNDA:0,(anonymous_7)
FNDA:1,updateHUD
FNDA:0,updateProjectiles
FNDA:0,(anonymous_10)
FNDA:0,(anonymous_11)
FNDA:0,(anonymous_12)
FNDA:0,(anonymous_13)
FNDA:0,createImpactEffect
FNDA:0,animateParticles
FNDA:0,setSocket
DA:7,2
DA:8,2
DA:9,2
DA:10,2
DA:11,2
DA:14,2
DA:15,2
DA:18,2
DA:22,3
DA:23,0
DA:27,3
DA:28,0
DA:29,0
DA:30,0
DA:41,0
DA:42,0
DA:43,0
DA:45,0
DA:46,0
DA:47,0
DA:49,0
DA:50,0
DA:51,0
DA:54,0
DA:55,0
DA:66,0
DA:70,3
DA:72,0
DA:73,0
DA:74,0
DA:79,0
DA:80,0
DA:81,0
DA:86,3
DA:91,1
DA:92,1
DA:93,1
DA:96,1
DA:97,0
DA:100,0
DA:106,0
DA:107,0
DA:108,0
DA:112,0
DA:113,0
DA:118,0
DA:121,0
DA:122,0
DA:124,0
DA:127,0
DA:128,0
DA:129,0
DA:132,0
DA:139,0
DA:140,0
DA:141,0
DA:144,0
DA:145,0
DA:146,0
DA:148,0
DA:155,0
DA:158,0
DA:161,0
DA:162,0
DA:163,0
DA:164,0
DA:167,0
DA:176,0
DA:178,0
DA:179,0
DA:186,0
DA:187,0
DA:188,0
DA:189,0
DA:194,0
DA:195,0
DA:198,0
DA:208,0
DA:209,0
DA:210,0
DA:213,0
DA:220,0
DA:221,0
DA:222,0
DA:225,0
DA:230,0
DA:232,0
DA:235,0
DA:236,0
DA:237,0
DA:241,0
DA:246,1
DA:248,0
DA:249,0
DA:251,0
DA:252,0
DA:256,0
DA:258,0
DA:259,0
DA:261,0
DA:262,0
DA:263,0
DA:266,0
DA:269,0
DA:272,0
DA:275,0
DA:276,0
DA:286,0
DA:287,0
DA:289,0
DA:292,0
DA:294,0
DA:296,0
DA:297,0
DA:298,0
DA:310,0
DA:313,0
DA:314,0
DA:316,0
DA:317,0
DA:318,0
DA:325,0
DA:326,0
DA:327,0
DA:332,0
DA:335,0
DA:338,0
DA:339,0
DA:340,0
DA:344,0
DA:351,0
DA:354,0
DA:357,0
DA:361,0
DA:364,0
DA:365,0
DA:366,0
DA:367,0
DA:368,0
DA:369,0
DA:370,0
DA:377,0
DA:378,0
DA:381,0
DA:382,0
DA:391,0
DA:392,0
DA:393,0
DA:394,0
DA:396,0
DA:397,0
DA:398,0
DA:400,0
DA:401,0
DA:402,0
DA:405,0
DA:406,0
DA:413,0
DA:415,0
DA:422,0
DA:423,0
DA:424,0
DA:427,0
DA:428,0
DA:431,0
DA:432,0
DA:433,0
DA:436,0
DA:438,0
DA:439,0
DA:440,0
DA:441,0
DA:442,0
DA:445,0
DA:448,0
DA:449,0
DA:451,0
DA:454,0
DA:462,0
LF:179
LH:17
BRDA:20,0,0,3
BRDA:22,1,0,0
BRDA:22,1,1,3
BRDA:27,2,0,0
BRDA:27,2,1,3
BRDA:27,3,0,3
BRDA:27,3,1,3
BRDA:27,3,2,0
BRDA:70,4,0,0
BRDA:70,4,1,3
BRDA:70,5,0,3
BRDA:70,5,1,3
BRDA:73,6,0,0
BRDA:73,6,1,0
BRDA:79,7,0,0
BRDA:79,7,1,0
BRDA:79,8,0,0
BRDA:79,8,1,0
BRDA:92,9,0,0
BRDA:92,9,1,1
BRDA:96,10,0,0
BRDA:96,10,1,0
BRDA:106,11,0,0
BRDA:106,11,1,0
BRDA:106,12,0,0
BRDA:106,12,1,0
BRDA:127,13,0,0
BRDA:127,13,1,0
BRDA:135,14,0,0
BRDA:135,14,1,0
BRDA:186,15,0,0
BRDA:186,15,1,0
BRDA:186,16,0,0
BRDA:186,16,1,0
BRDA:194,17,0,0
BRDA:194,17,1,0
BRDA:235,18,0,0
BRDA:235,18,1,0
BRDA:235,19,0,0
BRDA:235,19,1,0
BRDA:246,20,0,1
BRDA:246,20,1,0
BRDA:246,21,0,1
BRDA:246,21,1,1
BRDA:251,22,0,0
BRDA:251,22,1,0
BRDA:252,23,0,0
BRDA:252,23,1,0
BRDA:256,24,0,0
BRDA:256,24,1,0
BRDA:256,25,0,0
BRDA:256,25,1,0
BRDA:262,26,0,0
BRDA:262,26,1,0
BRDA:275,27,0,0
BRDA:275,27,1,0
BRDA:287,28,0,0
BRDA:287,28,1,0
BRDA:287,29,0,0
BRDA:287,29,1,0
BRDA:294,30,0,0
BRDA:294,30,1,0
BRDA:313,31,0,0
BRDA:313,31,1,0
BRDA:316,32,0,0
BRDA:316,32,1,0
BRDA:325,33,0,0
BRDA:325,33,1,0
BRDA:338,34,0,0
BRDA:338,34,1,0
BRDA:364,35,0,0
BRDA:364,35,1,0
BRDA:381,36,0,0
BRDA:381,36,1,0
BRDA:389,37,0,0
BRDA:405,38,0,0
BRDA:405,38,1,0
BRDA:416,39,0,0
BRDA:416,39,1,0
BRDA:431,40,0,0
BRDA:431,40,1,0
BRF:81
BRH:12
end_of_record
TN:
SF:src\mouse-controls.js
FN:8,initMouseControls
FN:48,(anonymous_1)
FN:66,(anonymous_2)
FN:99,(anonymous_3)
FN:103,(anonymous_4)
FN:109,(anonymous_5)
FN:115,(anonymous_6)
FN:120,(anonymous_7)
FN:145,handleMouseMove
FN:179,updateCamera
FNF:10
FNH:0
FNDA:0,initMouseControls
FNDA:0,(anonymous_1)
FNDA:0,(anonymous_2)
FNDA:0,(anonymous_3)
FNDA:0,(anonymous_4)
FNDA:0,(anonymous_5)
FNDA:0,(anonymous_6)
FNDA:0,(anonymous_7)
FNDA:0,handleMouseMove
FNDA:0,updateCamera
DA:4,1
DA:5,1
DA:6,1
DA:9,0
DA:20,0
DA:23,0
DA:24,0
DA:25,0
DA:26,0
DA:30,0
DA:32,0
DA:33,0
DA:34,0
DA:35,0
DA:36,0
DA:37,0
DA:38,0
DA:39,0
DA:40,0
DA:41,0
DA:43,0
DA:44,0
DA:45,0
DA:48,0
DA:50,0
DA:51,0
DA:54,0
DA:57,0
DA:58,0
DA:59,0
DA:60,0
DA:61,0
DA:62,0
DA:63,0
DA:66,0
DA:67,0
DA:70,0
DA:72,0
DA:75,0
DA:76,0
DA:77,0
DA:78,0
DA:81,0
DA:84,0
DA:90,0
DA:93,0
DA:95,0
DA:96,0
DA:99,0
DA:100,0
DA:103,0
DA:104,0
DA:109,0
DA:110,0
DA:111,0
DA:115,0
DA:116,0
DA:117,0
DA:120,0
DA:121,0
DA:123,0
DA:124,0
DA:127,0
DA:130,0
DA:136,0
DA:139,0
DA:142,0
DA:146,0
DA:147,0
DA:150,0
DA:151,0
DA:154,0
DA:157,0
DA:163,0
DA:165,0
DA:176,0
DA:180,0
DA:181,0
DA:184,0
DA:185,0
DA:186,0
DA:189,0
DA:190,0
DA:191,0
DA:192,0
DA:193,0
DA:197,0
DA:202,0
DA:205,0
LF:89
LH:3
BRDA:24,0,0,0
BRDA:24,0,1,0
BRDA:30,1,0,0
BRDA:30,1,1,0
BRDA:51,2,0,0
BRDA:51,2,1,0
BRDA:51,3,0,0
BRDA:51,3,1,0
BRDA:51,3,2,0
BRDA:67,4,0,0
BRDA:67,4,1,0
BRDA:70,5,0,0
BRDA:70,5,1,0
BRDA:70,6,0,0
BRDA:70,6,1,0
BRDA:110,7,0,0
BRDA:110,7,1,0
BRDA:110,8,0,0
BRDA:110,8,1,0
BRDA:117,9,0,0
BRDA:117,9,1,0
BRDA:121,10,0,0
BRDA:121,10,1,0
BRDA:123,11,0,0
BRDA:123,11,1,0
BRDA:124,12,0,0
BRDA:124,12,1,0
BRDA:147,13,0,0
BRDA:147,13,1,0
BRDA:179,14,0,0
BRDA:189,15,0,0
BRDA:189,15,1,0
BRF:32
BRH:0
end_of_record
TN:
SF:src\movement.js
FN:5,initMovementControls
FN:24,(anonymous_1)
FN:36,(anonymous_2)
FN:77,(anonymous_3)
FN:100,(anonymous_4)
FN:128,(anonymous_5)
FN:129,(anonymous_6)
FN:149,(anonymous_7)
FN:191,updatePlayerPosition
FNF:9
FNH:0
FNDA:0,initMovementControls
FNDA:0,(anonymous_1)
FNDA:0,(anonymous_2)
FNDA:0,(anonymous_3)
FNDA:0,(anonymous_4)
FNDA:0,(anonymous_5)
FNDA:0,(anonymous_6)
FNDA:0,(anonymous_7)
FNDA:0,updatePlayerPosition
DA:6,0
DA:14,0
DA:15,0
DA:16,0
DA:17,0
DA:20,0
DA:23,0
DA:24,0
DA:25,0
DA:26,0
DA:27,0
DA:28,0
DA:29,0
DA:31,0
DA:32,0
DA:36,0
DA:37,0
DA:38,0
DA:39,0
DA:40,0
DA:41,0
DA:42,0
DA:48,0
DA:49,0
DA:51,0
DA:52,0
DA:53,0
DA:55,0
DA:60,0
DA:61,0
DA:62,0
DA:63,0
DA:64,0
DA:65,0
DA:66,0
DA:67,0
DA:69,0
DA:77,0
DA:78,0
DA:79,0
DA:82,0
DA:83,0
DA:84,0
DA:85,0
DA:90,0
DA:91,0
DA:92,0
DA:94,0
DA:95,0
DA:96,0
DA:100,0
DA:101,0
DA:102,0
DA:103,0
DA:104,0
DA:108,0
DA:109,0
DA:110,0
DA:111,0
DA:112,0
DA:113,0
DA:114,0
DA:117,0
DA:118,0
DA:119,0
DA:120,0
DA:121,0
DA:122,0
DA:123,0
DA:124,0
DA:125,0
DA:126,0
DA:128,0
DA:129,0
DA:132,0
DA:133,0
DA:134,0
DA:135,0
DA:136,0
DA:137,0
DA:138,0
DA:139,0
DA:140,0
DA:143,0
DA:147,0
DA:150,0
DA:153,0
DA:154,0
DA:155,0
DA:156,0
DA:159,0
DA:160,0
DA:164,0
DA:165,0
DA:166,0
DA:169,0
DA:170,0
DA:171,0
DA:172,0
DA:176,0
DA:177,0
DA:180,0
DA:183,0
DA:184,0
DA:186,0
DA:192,0
DA:194,0
DA:195,0
DA:198,0
LF:109
LH:0
BRDA:23,0,0,0
BRDA:23,0,1,0
BRDA:23,1,0,0
BRDA:23,1,1,0
BRDA:25,2,0,0
BRDA:25,2,1,0
BRDA:25,2,2,0
BRDA:25,2,3,0
BRDA:25,2,4,0
BRDA:37,3,0,0
BRDA:37,3,1,0
BRDA:37,3,2,0
BRDA:37,3,3,0
BRDA:37,3,4,0
BRDA:49,4,0,0
BRDA:49,4,1,0
BRDA:49,5,0,0
BRDA:49,5,1,0
BRDA:51,6,0,0
BRDA:51,6,1,0
BRDA:51,7,0,0
BRDA:51,7,1,0
BRDA:60,8,0,0
BRDA:60,8,1,0
BRDA:90,9,0,0
BRDA:90,9,1,0
BRDA:94,10,0,0
BRDA:94,10,1,0
BRDA:153,11,0,0
BRDA:153,11,1,0
BRDA:154,12,0,0
BRDA:154,12,1,0
BRDA:155,13,0,0
BRDA:155,13,1,0
BRDA:156,14,0,0
BRDA:156,14,1,0
BRDA:159,15,0,0
BRDA:159,15,1,0
BRDA:164,16,0,0
BRDA:164,16,1,0
BRDA:164,17,0,0
BRDA:164,17,1,0
BRDA:169,18,0,0
BRDA:169,18,1,0
BRDA:170,19,0,0
BRDA:170,19,1,0
BRDA:171,20,0,0
BRDA:171,20,1,0
BRDA:172,21,0,0
BRDA:172,21,1,0
BRDA:191,22,0,0
BRDA:194,23,0,0
BRDA:194,23,1,0
BRF:53
BRH:0
end_of_record
TN:
SF:src\multiplayer.js
FN:18,initMultiplayer
FN:28,(anonymous_1)
FN:33,(anonymous_2)
FN:40,(anonymous_3)
FN:52,(anonymous_4)
FN:60,(anonymous_5)
FN:74,(anonymous_6)
FN:82,(anonymous_7)
FN:95,updatePlayerPosition
FN:116,updatePlayerHealth
FN:131,handlePlayerDisconnect
FN:148,broadcastShoot
FNF:12
FNH:0
FNDA:0,initMultiplayer
FNDA:0,(anonymous_1)
FNDA:0,(anonymous_2)
FNDA:0,(anonymous_3)
FNDA:0,(anonymous_4)
FNDA:0,(anonymous_5)
FNDA:0,(anonymous_6)
FNDA:0,(anonymous_7)
FNDA:0,updatePlayerPosition
FNDA:0,updatePlayerHealth
FNDA:0,handlePlayerDisconnect
FNDA:0,broadcastShoot
DA:8,3
DA:19,0
DA:22,0
DA:25,0
DA:28,0
DA:29,0
DA:32,0
DA:33,0
DA:34,0
DA:40,0
DA:41,0
DA:44,0
DA:45,0
DA:48,0
DA:52,0
DA:53,0
DA:56,0
DA:60,0
DA:61,0
DA:62,0
DA:64,0
DA:65,0
DA:66,0
DA:69,0
DA:74,0
DA:75,0
DA:76,0
DA:77,0
DA:82,0
DA:84,0
DA:87,0
DA:96,0
DA:99,0
DA:117,0
DA:120,0
DA:132,0
DA:133,0
DA:135,0
DA:138,0
DA:149,0
DA:151,0
LF:41
LH:1
BRDA:8,0,0,0
BRDA:8,0,1,3
BRDA:32,1,0,0
BRDA:32,1,1,0
BRDA:32,2,0,0
BRDA:32,2,1,0
BRDA:62,3,0,0
BRDA:62,3,1,0
BRDA:76,4,0,0
BRDA:76,4,1,0
BRDA:96,5,0,0
BRDA:96,5,1,0
BRDA:96,6,0,0
BRDA:96,6,1,0
BRDA:117,7,0,0
BRDA:117,7,1,0
BRDA:117,8,0,0
BRDA:117,8,1,0
BRDA:133,9,0,0
BRDA:133,9,1,0
BRDA:149,10,0,0
BRDA:149,10,1,0
BRF:22
BRH:1
end_of_record
TN:
SF:src\npc.js
FN:32,(anonymous_0)
FN:86,(anonymous_1)
FN:122,(anonymous_2)
FN:144,(anonymous_3)
FN:163,(anonymous_4)
FN:179,(anonymous_5)
FN:187,(anonymous_6)
FN:207,(anonymous_7)
FN:226,(anonymous_8)
FN:239,(anonymous_9)
FN:268,updateNPCAI
FN:373,updateNPCs
FN:374,(anonymous_12)
FN:383,(anonymous_13)
FN:428,findValidSpawnPoint
FN:578,createNPC
FN:608,createNPCs
FN:628,handleNPCDeath
FN:647,(anonymous_18)
FN:682,flashNPC
FN:700,(anonymous_20)
FN:711,damageNPC
FN:720,(anonymous_22)
FN:775,createImpactEffect
FN:813,animateParticles
FN:843,addHealthBar
FNF:26
FNH:0
FNDA:0,(anonymous_0)
FNDA:0,(anonymous_1)
FNDA:0,(anonymous_2)
FNDA:0,(anonymous_3)
FNDA:0,(anonymous_4)
FNDA:0,(anonymous_5)
FNDA:0,(anonymous_6)
FNDA:0,(anonymous_7)
FNDA:0,(anonymous_8)
FNDA:0,(anonymous_9)
FNDA:0,updateNPCAI
FNDA:0,updateNPCs
FNDA:0,(anonymous_12)
FNDA:0,(anonymous_13)
FNDA:0,findValidSpawnPoint
FNDA:0,createNPC
FNDA:0,createNPCs
FNDA:0,handleNPCDeath
FNDA:0,(anonymous_18)
FNDA:0,flashNPC
FNDA:0,(anonymous_20)
FNDA:0,damageNPC
FNDA:0,(anonymous_22)
FNDA:0,createImpactEffect
FNDA:0,animateParticles
FNDA:0,addHealthBar
DA:10,1
DA:18,1
DA:19,1
DA:20,1
DA:21,1
DA:22,1
DA:23,1
DA:24,1
DA:25,1
DA:28,1
DA:34,0
DA:38,0
DA:39,0
DA:40,0
DA:43,0
DA:44,0
DA:45,0
DA:48,0
DA:49,0
DA:50,0
DA:51,0
DA:52,0
DA:53,0
DA:56,0
DA:57,0
DA:58,0
DA:59,0
DA:60,0
DA:61,0
DA:68,0
DA:69,0
DA:72,0
DA:82,0
DA:88,0
DA:91,0
DA:92,0
DA:97,0
DA:100,0
DA:101,0
DA:106,0
DA:109,0
DA:110,0
DA:113,0
DA:116,0
DA:117,0
DA:118,0
DA:123,0
DA:125,0
DA:126,0
DA:129,0
DA:130,0
DA:133,0
DA:134,0
DA:135,0
DA:136,0
DA:137,0
DA:139,0
DA:145,0
DA:146,0
DA:147,0
DA:150,0
DA:151,0
DA:155,0
DA:156,0
DA:159,0
DA:165,0
DA:166,0
DA:169,0
DA:170,0
DA:174,0
DA:176,0
DA:179,0
DA:180,0
DA:181,0
DA:188,0
DA:190,0
DA:192,0
DA:193,0
DA:195,0
DA:196,0
DA:198,0
DA:199,0
DA:202,0
DA:209,0
DA:210,0
DA:213,0
DA:214,0
DA:215,0
DA:216,0
DA:217,0
DA:218,0
DA:222,0
DA:228,0
DA:231,0
DA:232,0
DA:235,0
DA:240,0
DA:243,0
DA:244,0
DA:251,0
DA:253,0
DA:257,0
DA:258,0
DA:270,0
DA:273,0
DA:274,0
DA:277,0
DA:279,0
DA:282,0
DA:283,0
DA:284,0
DA:286,0
DA:289,0
DA:292,0
DA:293,0
DA:294,0
DA:296,0
DA:297,0
DA:302,0
DA:305,0
DA:306,0
DA:309,0
DA:311,0
DA:312,0
DA:313,0
DA:314,0
DA:317,0
DA:320,0
DA:321,0
DA:322,0
DA:323,0
DA:324,0
DA:327,0
DA:335,0
DA:338,0
DA:342,0
DA:343,0
DA:351,0
DA:359,0
DA:360,0
DA:361,0
DA:363,0
DA:364,0
DA:367,0
DA:374,0
DA:375,0
DA:377,0
DA:380,0
DA:383,0
DA:384,0
DA:386,0
DA:387,0
DA:388,0
DA:390,0
DA:399,0
DA:401,0
DA:403,0
DA:406,0
DA:407,0
DA:413,0
DA:414,0
DA:430,0
DA:488,0
DA:491,0
DA:493,0
DA:496,0
DA:497,0
DA:498,0
DA:499,0
DA:500,0
DA:503,0
DA:504,0
DA:505,0
DA:506,0
DA:507,0
DA:508,0
DA:509,0
DA:513,0
DA:514,0
DA:518,0
DA:519,0
DA:520,0
DA:524,0
DA:526,0
DA:528,0
DA:529,0
DA:534,0
DA:557,0
DA:558,0
DA:559,0
DA:560,0
DA:561,0
DA:562,0
DA:566,0
DA:567,0
DA:580,0
DA:581,0
DA:582,0
DA:583,0
DA:584,0
DA:589,0
DA:590,0
DA:592,0
DA:597,0
DA:609,0
DA:610,0
DA:612,0
DA:613,0
DA:614,0
DA:615,0
DA:616,0
DA:617,0
DA:622,0
DA:630,0
DA:633,0
DA:634,0
DA:638,0
DA:641,0
DA:642,0
DA:644,0
DA:647,0
DA:649,0
DA:650,0
DA:653,0
DA:654,0
DA:655,0
DA:656,0
DA:657,0
DA:661,0
DA:664,0
DA:665,0
DA:666,0
DA:669,0
DA:670,0
DA:672,0
DA:684,0
DA:685,0
DA:689,0
DA:692,0
DA:693,0
DA:697,0
DA:698,0
DA:700,0
DA:701,0
DA:702,0
DA:703,0
DA:713,0
DA:716,0
DA:719,0
DA:720,0
DA:722,0
DA:724,0
DA:727,0
DA:728,0
DA:729,0
DA:732,0
DA:733,0
DA:736,0
DA:737,0
DA:738,0
DA:739,0
DA:740,0
DA:742,0
DA:747,0
DA:750,0
DA:751,0
DA:752,0
DA:755,0
DA:757,0
DA:758,0
DA:760,0
DA:763,0
DA:764,0
DA:766,0
DA:767,0
DA:776,0
DA:777,0
DA:778,0
DA:779,0
DA:781,0
DA:782,0
DA:783,0
DA:785,0
DA:786,0
DA:787,0
DA:789,0
DA:796,0
DA:798,0
DA:805,0
DA:806,0
DA:807,0
DA:810,0
DA:811,0
DA:814,0
DA:816,0
DA:817,0
DA:818,0
DA:821,0
DA:822,0
DA:823,0
DA:824,0
DA:825,0
DA:828,0
DA:831,0
DA:832,0
DA:834,0
DA:837,0
DA:845,0
DA:846,0
DA:849,0
DA:852,0
DA:853,0
DA:858,0
DA:861,0
DA:862,0
DA:867,0
DA:869,0
DA:870,0
DA:873,0
DA:876,0
DA:877,0
DA:878,0
DA:881,0
DA:882,0
DA:883,0
LF:325
LH:10
BRDA:32,0,0,0
BRDA:35,1,0,0
BRDA:35,1,1,0
BRDA:50,2,0,0
BRDA:50,2,1,0
BRDA:51,3,0,0
BRDA:51,3,1,0
BRDA:52,4,0,0
BRDA:52,4,1,0
BRDA:53,5,0,0
BRDA:53,5,1,0
BRDA:59,6,0,0
BRDA:59,6,1,0
BRDA:123,7,0,0
BRDA:123,7,1,0
BRDA:134,8,0,0
BRDA:134,8,1,0
BRDA:136,9,0,0
BRDA:136,9,1,0
BRDA:150,10,0,0
BRDA:150,10,1,0
BRDA:155,11,0,0
BRDA:155,11,1,0
BRDA:169,12,0,0
BRDA:169,12,1,0
BRDA:180,13,0,0
BRDA:180,13,1,0
BRDA:188,14,0,0
BRDA:188,14,1,0
BRDA:190,15,0,0
BRDA:190,15,1,0
BRDA:190,15,2,0
BRDA:190,15,3,0
BRDA:213,16,0,0
BRDA:213,16,1,0
BRDA:216,17,0,0
BRDA:216,17,1,0
BRDA:243,18,0,0
BRDA:243,18,1,0
BRDA:270,19,0,0
BRDA:270,19,1,0
BRDA:277,20,0,0
BRDA:277,20,1,0
BRDA:277,21,0,0
BRDA:277,21,1,0
BRDA:284,22,0,0
BRDA:284,22,1,0
BRDA:293,23,0,0
BRDA:293,23,1,0
BRDA:294,24,0,0
BRDA:294,24,1,0
BRDA:342,25,0,0
BRDA:342,25,1,0
BRDA:359,26,0,0
BRDA:359,26,1,0
BRDA:361,27,0,0
BRDA:361,27,1,0
BRDA:363,28,0,0
BRDA:363,28,1,0
BRDA:375,29,0,0
BRDA:375,29,1,0
BRDA:377,30,0,0
BRDA:377,30,1,0
BRDA:384,31,0,0
BRDA:384,31,1,0
BRDA:384,32,0,0
BRDA:384,32,1,0
BRDA:401,33,0,0
BRDA:401,33,1,0
BRDA:413,34,0,0
BRDA:413,34,1,0
BRDA:428,35,0,0
BRDA:428,36,0,0
BRDA:507,37,0,0
BRDA:507,37,1,0
BRDA:513,38,0,0
BRDA:513,38,1,0
BRDA:519,39,0,0
BRDA:519,39,1,0
BRDA:526,40,0,0
BRDA:526,40,1,0
BRDA:559,41,0,0
BRDA:559,41,1,0
BRDA:578,42,0,0
BRDA:580,43,0,0
BRDA:580,43,1,0
BRDA:582,44,0,0
BRDA:582,44,1,0
BRDA:608,45,0,0
BRDA:614,46,0,0
BRDA:614,46,1,0
BRDA:616,47,0,0
BRDA:616,47,1,0
BRDA:633,48,0,0
BRDA:633,48,1,0
BRDA:654,49,0,0
BRDA:654,49,1,0
BRDA:684,50,0,0
BRDA:684,50,1,0
BRDA:684,51,0,0
BRDA:684,51,1,0
BRDA:692,52,0,0
BRDA:692,52,1,0
BRDA:701,53,0,0
BRDA:701,53,1,0
BRDA:713,54,0,0
BRDA:713,54,1,0
BRDA:713,55,0,0
BRDA:713,55,1,0
BRDA:720,56,0,0
BRDA:720,56,1,0
BRDA:720,56,2,0
BRDA:722,57,0,0
BRDA:722,57,1,0
BRDA:722,58,0,0
BRDA:722,58,1,0
BRDA:727,59,0,0
BRDA:727,59,1,0
BRDA:737,60,0,0
BRDA:737,60,1,0
BRDA:739,61,0,0
BRDA:739,61,1,0
BRDA:755,62,0,0
BRDA:755,62,1,0
BRDA:757,63,0,0
BRDA:757,63,1,0
BRDA:763,64,0,0
BRDA:763,64,1,0
BRDA:775,65,0,0
BRDA:816,66,0,0
BRDA:816,66,1,0
BRDA:845,67,0,0
BRDA:845,67,1,0
BRDA:881,68,0,0
BRDA:881,68,1,0
BRF:135
BRH:0
end_of_record
TN:
SF:src\rat.js
FN:5,createRat
FNF:1
FNH:0
FNDA:0,createRat
DA:7,0
DA:8,0
DA:11,0
DA:14,0
DA:15,0
DA:16,0
DA:17,0
DA:18,0
DA:21,0
DA:22,0
DA:23,0
DA:24,0
DA:25,0
DA:28,0
DA:29,0
DA:32,0
DA:33,0
DA:34,0
DA:37,0
DA:38,0
DA:39,0
DA:42,0
DA:43,0
DA:44,0
DA:45,0
DA:46,0
DA:49,0
DA:50,0
DA:53,0
DA:54,0
DA:55,0
DA:56,0
DA:59,0
DA:60,0
DA:61,0
DA:62,0
DA:65,0
DA:66,0
DA:67,0
DA:68,0
DA:69,0
DA:70,0
DA:73,0
DA:74,0
DA:77,0
DA:78,0
DA:79,0
DA:80,0
DA:83,0
DA:84,0
DA:85,0
DA:86,0
DA:89,0
DA:90,0
DA:96,0
DA:97,0
DA:98,0
DA:99,0
DA:102,0
DA:108,0
DA:109,0
DA:110,0
DA:111,0
DA:114,0
DA:115,0
DA:118,0
DA:119,0
DA:120,0
DA:121,0
DA:124,0
DA:125,0
DA:128,0
DA:129,0
LF:73
LH:0
BRDA:5,0,0,0
BRDA:7,1,0,0
BRDA:7,1,1,0
BRDA:8,2,0,0
BRDA:8,2,1,0
BRDA:115,3,0,0
BRDA:115,3,1,0
BRDA:124,4,0,0
BRDA:124,4,1,0
BRDA:128,5,0,0
BRDA:128,5,1,0
BRF:11
BRH:0
end_of_record
TN:
SF:src\ratAppearance.js
FN:41,(anonymous_0)
FN:42,(anonymous_1)
FN:43,(anonymous_2)
FN:61,getRandomAppearance
FN:69,(anonymous_4)
FN:86,getTotalCombinations
FNF:6
FNH:3
FNDA:15,(anonymous_0)
FNDA:30,(anonymous_1)
FNDA:150,(anonymous_2)
FNDA:0,getRandomAppearance
FNDA:0,(anonymous_4)
FNDA:0,getTotalCombinations
DA:4,3
DA:13,3
DA:31,3
DA:40,3
DA:41,3
DA:42,15
DA:43,30
DA:44,150
DA:55,3
DA:63,0
DA:64,0
DA:68,0
DA:69,0
DA:73,0
DA:74,0
DA:77,0
DA:79,0
DA:87,0
LF:18
LH:9
BRDA:63,0,0,0
BRDA:63,0,1,0
BRF:2
BRH:0
end_of_record
TN:
SF:src\scene.js
FN:15,initScene
FN:129,(anonymous_1)
FN:141,animate
FN:198,(anonymous_3)
FN:262,(anonymous_4)
FN:286,(anonymous_5)
FN:336,(anonymous_6)
FN:367,(anonymous_7)
FN:391,(anonymous_8)
FNF:9
FNH:1
FNDA:2,initScene
FNDA:0,(anonymous_1)
FNDA:0,animate
FNDA:0,(anonymous_3)
FNDA:0,(anonymous_4)
FNDA:0,(anonymous_5)
FNDA:0,(anonymous_6)
FNDA:0,(anonymous_7)
FNDA:0,(anonymous_8)
DA:16,2
DA:17,2
DA:20,2
DA:21,2
DA:22,2
DA:25,2
DA:26,2
DA:28,2
DA:29,2
DA:30,0
DA:31,0
DA:34,0
DA:35,0
DA:36,0
DA:37,0
DA:40,0
DA:41,0
DA:44,0
DA:45,0
DA:48,0
DA:49,0
DA:50,0
DA:51,0
DA:52,0
DA:53,0
DA:54,0
DA:55,0
DA:56,0
DA:59,0
DA:72,0
DA:75,0
DA:78,0
DA:79,0
DA:80,0
DA:83,0
DA:84,0
DA:85,0
DA:86,0
DA:87,0
DA:88,0
DA:89,0
DA:96,0
DA:97,0
DA:98,0
DA:101,0
DA:102,0
DA:105,0
DA:106,0
DA:110,0
DA:111,0
DA:112,0
DA:115,0
DA:116,0
DA:117,0
DA:118,0
DA:121,0
DA:122,0
DA:125,0
DA:126,0
DA:129,0
DA:130,0
DA:131,0
DA:132,0
DA:133,0
DA:134,0
DA:135,0
DA:139,0
DA:142,0
DA:144,0
DA:145,0
DA:147,0
DA:149,0
DA:150,0
DA:151,0
DA:152,0
DA:156,0
DA:158,0
DA:159,0
DA:160,0
DA:165,0
DA:168,0
DA:170,0
DA:172,0
DA:173,0
DA:174,0
DA:175,0
DA:176,0
DA:179,0
DA:180,0
DA:184,0
DA:187,0
DA:188,0
DA:189,0
DA:190,0
DA:195,0
DA:198,0
DA:199,0
DA:200,0
DA:201,0
DA:202,0
DA:204,0
DA:213,0
DA:218,0
DA:219,0
DA:220,0
DA:222,0
DA:224,0
DA:226,0
DA:227,0
DA:229,0
DA:230,0
DA:232,0
DA:233,0
DA:234,0
DA:236,0
DA:237,0
DA:239,0
DA:240,0
DA:241,0
DA:242,0
DA:243,0
DA:245,0
DA:249,0
DA:251,0
DA:252,0
DA:253,0
DA:255,0
DA:256,0
DA:257,0
DA:258,0
DA:259,0
DA:260,0
DA:262,0
DA:263,0
DA:264,0
DA:265,0
DA:267,0
DA:268,0
DA:269,0
DA:270,0
DA:273,0
DA:275,0
DA:276,0
DA:277,0
DA:279,0
DA:280,0
DA:282,0
DA:285,0
DA:286,0
DA:287,0
DA:293,0
DA:299,0
DA:300,0
DA:301,0
DA:303,0
DA:304,0
DA:307,0
DA:308,0
DA:310,0
DA:314,0
DA:315,0
DA:316,0
DA:319,0
DA:320,0
DA:323,0
DA:324,0
DA:327,0
DA:329,0
DA:337,0
DA:339,0
DA:341,0
DA:342,0
DA:343,0
DA:345,0
DA:346,0
DA:348,0
DA:349,0
DA:350,0
DA:351,0
DA:352,0
DA:354,0
DA:358,0
DA:360,0
DA:361,0
DA:362,0
DA:363,0
DA:364,0
DA:365,0
DA:367,0
DA:368,0
DA:369,0
DA:370,0
DA:372,0
DA:373,0
DA:374,0
DA:375,0
DA:378,0
DA:380,0
DA:381,0
DA:382,0
DA:384,0
DA:385,0
DA:387,0
DA:390,0
DA:391,0
DA:392,0
DA:398,2
DA:399,2
LF:208
LH:11
BRDA:92,0,0,0
BRDA:92,0,1,0
BRDA:117,1,0,0
BRDA:117,1,1,0
BRDA:142,2,0,0
BRDA:142,2,1,0
BRDA:149,3,0,0
BRDA:149,3,1,0
BRDA:158,4,0,0
BRDA:158,4,1,0
BRDA:159,5,0,0
BRDA:159,5,1,0
BRDA:172,6,0,0
BRDA:172,6,1,0
BRDA:175,7,0,0
BRDA:175,7,1,0
BRDA:187,8,0,0
BRDA:187,8,1,0
BRDA:195,9,0,0
BRDA:195,9,1,0
BRDA:199,10,0,0
BRDA:199,10,1,0
BRDA:199,11,0,0
BRDA:199,11,1,0
BRDA:199,11,2,0
BRDA:222,12,0,0
BRDA:222,12,1,0
BRDA:222,13,0,0
BRDA:222,13,1,0
BRDA:226,14,0,0
BRDA:226,14,1,0
BRDA:229,15,0,0
BRDA:229,15,1,0
BRDA:232,16,0,0
BRDA:232,16,1,0
BRDA:232,17,0,0
BRDA:232,17,1,0
BRDA:240,18,0,0
BRDA:240,18,1,0
BRDA:242,19,0,0
BRDA:242,19,1,0
BRDA:255,20,0,0
BRDA:255,20,1,0
BRDA:267,21,0,0
BRDA:267,21,1,0
BRDA:303,22,0,0
BRDA:303,22,1,0
BRDA:337,23,0,0
BRDA:337,23,1,0
BRDA:341,24,0,0
BRDA:341,24,1,0
BRDA:341,25,0,0
BRDA:341,25,1,0
BRDA:349,26,0,0
BRDA:349,26,1,0
BRDA:351,27,0,0
BRDA:351,27,1,0
BRDA:360,28,0,0
BRDA:360,28,1,0
BRDA:372,29,0,0
BRDA:372,29,1,0
BRF:61
BRH:0
end_of_record
TN:
SF:src\spawn.js
FN:12,findValidSpawnPoint
FN:30,(anonymous_1)
FNF:2
FNH:0
FNDA:0,findValidSpawnPoint
FNDA:0,(anonymous_1)
DA:14,0
DA:30,0
DA:33,0
DA:35,0
DA:36,0
DA:37,0
DA:41,0
DA:42,0
DA:46,0
DA:51,0
DA:53,0
DA:58,0
DA:61,0
DA:63,0
DA:64,0
DA:65,0
DA:71,0
DA:72,0
DA:79,0
DA:80,0
DA:84,0
DA:85,0
DA:86,0
DA:87,0
DA:88,0
DA:89,0
DA:90,0
DA:93,0
DA:96,0
DA:101,0
DA:102,0
DA:103,0
DA:104,0
DA:105,0
DA:108,0
DA:109,0
DA:117,0
DA:120,0
DA:121,0
DA:122,0
DA:123,0
DA:124,0
DA:125,0
DA:131,0
DA:132,0
DA:133,0
DA:138,0
DA:139,0
DA:140,0
LF:49
LH:0
BRDA:12,0,0,0
BRDA:12,1,0,0
BRDA:36,2,0,0
BRDA:36,2,1,0
BRDA:41,3,0,0
BRDA:41,3,1,0
BRDA:51,4,0,0
BRDA:51,4,1,0
BRDA:61,5,0,0
BRDA:61,5,1,0
BRDA:79,6,0,0
BRDA:79,6,1,0
BRDA:88,7,0,0
BRDA:88,7,1,0
BRDA:93,8,0,0
BRDA:93,8,1,0
BRDA:101,9,0,0
BRDA:101,9,1,0
BRDA:108,10,0,0
BRDA:108,10,1,0
BRDA:131,11,0,0
BRDA:131,11,1,0
BRF:22
BRH:0
end_of_record
TN:
SF:src\audio\AudioManager.js
FN:2,(anonymous_0)
FN:15,(anonymous_1)
FN:26,(anonymous_2)
FN:37,(anonymous_3)
FN:49,(anonymous_4)
FN:67,(anonymous_5)
FN:74,(anonymous_6)
FN:78,(anonymous_7)
FN:82,(anonymous_8)
FN:86,(anonymous_9)
FNF:10
FNH:0
FNDA:0,(anonymous_0)
FNDA:0,(anonymous_1)
FNDA:0,(anonymous_2)
FNDA:0,(anonymous_3)
FNDA:0,(anonymous_4)
FNDA:0,(anonymous_5)
FNDA:0,(anonymous_6)
FNDA:0,(anonymous_7)
FNDA:0,(anonymous_8)
FNDA:0,(anonymous_9)
DA:3,0
DA:4,0
DA:5,0
DA:6,0
DA:7,0
DA:8,0
DA:9,0
DA:10,0
DA:11,0
DA:12,0
DA:16,0
DA:17,0
DA:18,0
DA:19,0
DA:20,0
DA:22,0
DA:27,0
DA:28,0
DA:29,0
DA:30,0
DA:31,0
DA:33,0
DA:38,0
DA:39,0
DA:40,0
DA:41,0
DA:42,0
DA:43,0
DA:44,0
DA:46,0
DA:50,0
DA:51,0
DA:54,0
DA:55,0
DA:56,0
DA:57,0
DA:58,0
DA:59,0
DA:60,0
DA:61,0
DA:62,0
DA:64,0
DA:68,0
DA:69,0
DA:70,0
DA:75,0
DA:79,0
DA:83,0
DA:87,0
DA:88,0
LF:50
LH:0
BRDA:3,0,0,0
BRDA:3,0,1,0
BRDA:39,1,0,0
BRDA:39,1,1,0
BRDA:49,2,0,0
BRDA:50,3,0,0
BRDA:50,3,1,0
BRDA:55,4,0,0
BRDA:55,4,1,0
BRDA:68,5,0,0
BRDA:68,5,1,0
BRDA:87,6,0,0
BRDA:87,6,1,0
BRF:13
BRH:0
end_of_record
TN:
SF:src\game\AudioSetup.js
FN:26,initializeAudio
FN:30,(anonymous_1)
FN:35,(anonymous_2)
FN:55,setupAudioContext
FN:56,(anonymous_4)
FNF:5
FNH:0
FNDA:0,initializeAudio
FNDA:0,(anonymous_1)
FNDA:0,(anonymous_2)
FNDA:0,setupAudioContext
FNDA:0,(anonymous_4)
DA:4,2
DA:11,2
DA:16,2
DA:22,2
DA:27,0
DA:30,0
DA:31,0
DA:35,0
DA:36,0
DA:39,0
DA:40,0
DA:41,0
DA:43,0
DA:47,0
DA:48,0
DA:49,0
DA:51,0
DA:56,0
DA:57,0
DA:58,0
DA:59,0
DA:60,0
DA:63,0
DA:64,0
LF:24
LH:4
BRF:0
BRH:0
end_of_record
TN:
SF:src\server\validation.js
FN:15,validateMovement
FN:72,validateShooting
FN:91,validateHealth
FN:142,validatePlayerAction
FN:158,cleanupPlayerHistory
FNF:5
FNH:4
FNDA:3,validateMovement
FNDA:2,validateShooting
FNDA:4,validateHealth
FNDA:2,validatePlayerAction
FNDA:0,cleanupPlayerHistory
DA:5,1
DA:17,3
DA:18,3
DA:19,0
DA:26,3
DA:27,3
DA:28,3
DA:29,3
DA:32,3
DA:33,3
DA:34,1
DA:41,2
DA:49,0
DA:56,2
DA:57,1
DA:63,1
DA:73,2
DA:75,2
DA:76,1
DA:82,1
DA:92,4
DA:94,3
DA:95,3
DA:96,1
DA:102,2
DA:103,2
DA:107,1
DA:109,1
DA:110,1
DA:116,0
DA:117,0
DA:123,0
DA:124,0
DA:130,0
DA:144,2
DA:145,1
DA:151,1
DA:159,0
DA:163,1
LF:39
LH:31
BRDA:18,0,0,0
BRDA:18,0,1,3
BRDA:33,1,0,1
BRDA:33,1,1,2
BRDA:41,2,0,0
BRDA:41,2,1,2
BRDA:42,3,0,2
BRDA:42,3,1,2
BRDA:42,3,2,2
BRDA:42,3,3,2
BRDA:42,3,4,2
BRDA:42,3,5,2
BRDA:56,4,0,1
BRDA:56,4,1,1
BRDA:75,5,0,1
BRDA:75,5,1,1
BRDA:92,6,0,3
BRDA:92,6,1,1
BRDA:95,7,0,1
BRDA:95,7,1,2
BRDA:95,8,0,3
BRDA:95,8,1,3
BRDA:107,9,0,1
BRDA:107,9,1,0
BRDA:109,10,0,1
BRDA:109,10,1,0
BRDA:116,11,0,0
BRDA:116,11,1,0
BRDA:144,12,0,1
BRDA:144,12,1,1
BRF:30
BRH:24
end_of_record
TN:
SF:tests\helpers\movement-mock.js
FN:3,createMockControls
FN:25,(anonymous_1)
FN:51,handleKeyDown
FN:66,handleKeyUp
FNF:4
FNH:4
FNDA:9,createMockControls
FNDA:3,(anonymous_1)
FNDA:6,handleKeyDown
FNDA:5,handleKeyUp
DA:4,9
DA:12,9
DA:22,9
DA:26,3
DA:27,3
DA:29,3
DA:30,3
DA:31,3
DA:32,3
DA:34,3
DA:35,3
DA:36,0
DA:37,0
DA:38,0
DA:42,3
DA:43,1
DA:46,3
DA:52,6
DA:53,2
DA:54,1
DA:55,1
DA:56,1
DA:58,1
DA:59,1
DA:60,1
DA:62,1
DA:67,5
DA:68,1
DA:69,1
DA:70,1
DA:71,1
DA:72,1
LF:32
LH:29
BRDA:29,0,0,1
BRDA:29,0,1,2
BRDA:30,1,0,0
BRDA:30,1,1,3
BRDA:31,2,0,0
BRDA:31,2,1,3
BRDA:32,3,0,0
BRDA:32,3,1,3
BRDA:35,4,0,0
BRDA:35,4,1,3
BRDA:42,5,0,1
BRDA:42,5,1,2
BRDA:52,6,0,2
BRDA:52,6,1,1
BRDA:52,6,2,1
BRDA:52,6,3,1
BRDA:52,6,4,1
BRDA:59,7,0,1
BRDA:59,7,1,0
BRDA:67,8,0,1
BRDA:67,8,1,1
BRDA:67,8,2,1
BRDA:67,8,3,1
BRDA:67,8,4,1
BRF:24
BRH:19
end_of_record
